2024-09-09 15:59:42,757: 41f27771-f5ed-4a46-af62-4d3f93146f6e__InfoLogger - INFO - [solution] - executed successfully in 0.0000000000 seconds.
2024-09-09 15:59:50,240: 2e4d6523-a553-4e54-baeb-6d8802ab5e27__InfoLogger - INFO - [solution] - executed successfully in 0.0000000000 seconds.
2024-09-09 16:00:10,441: 98c7585a-604c-45a9-9d54-a7dfe86c117a__ErrorLogger - ERROR - [solution] - 1 validation error for FlipDataInput
sequence
  String should have at least 5 characters [type=string_too_short, input_value='HHTT', input_type=str]
    For further information visit https://errors.pydantic.dev/2.9/v/string_too_short
2024-09-09 16:00:18,924: 86ded0c1-98bb-42d2-a9a6-5526b911187d__InfoLogger - INFO - [solution] - executed successfully in 0.0000000000 seconds.
2024-09-09 16:00:22,065: 013a91c4-c202-4c6f-a708-b05378546444__InfoLogger - INFO - [solution] - executed successfully in 0.0000000000 seconds.
2024-09-09 16:00:27,155: e72bbe09-7160-4ea1-88de-923e4bf233ff__InfoLogger - INFO - [solution] - executed successfully in 0.0009577274 seconds.
2024-09-09 16:00:38,467: 61ca4b8d-123d-437f-b46e-75b519957fd0__InfoLogger - INFO - [solution] - executed successfully in 0.0000000000 seconds.
2024-09-09 16:00:46,659: 7ecfab90-939b-4ff4-bd18-cce764d3a2e3__InfoLogger - INFO - [solution] - executed successfully in 0.0000000000 seconds.
2024-09-09 16:01:20,165: f662c6e8-2ee5-4ca8-8871-f4ebe96a4dd3__InfoLogger - INFO - [solution] - executed successfully in 0.0000000000 seconds.
2024-09-09 16:01:20,166: f662c6e8-2ee5-4ca8-8871-f4ebe96a4dd3__InfoLogger - INFO - [solution] - executed successfully in 0.0000000000 seconds.
2024-09-09 16:01:20,166: f662c6e8-2ee5-4ca8-8871-f4ebe96a4dd3__InfoLogger - INFO - [solution] - executed successfully in 0.0000000000 seconds.
2024-09-09 16:02:04,712: 19f4180d-3a1d-4a42-959c-c56970e0e7e0__InfoLogger - INFO - [solution] - executed successfully in 0.0000000000 seconds.
2024-09-09 16:02:04,713: 19f4180d-3a1d-4a42-959c-c56970e0e7e0__InfoLogger - INFO - [solution] - executed successfully in 0.0000000000 seconds.
2024-09-09 16:02:04,713: 19f4180d-3a1d-4a42-959c-c56970e0e7e0__InfoLogger - INFO - [solution] - executed successfully in 0.0000000000 seconds.
2024-09-09 16:02:24,672: a90b87d1-3ab6-4fa8-bdeb-d87b4068390f__InfoLogger - INFO - [solution] - executed successfully in 0.0000000000 seconds.
2024-09-09 16:02:24,672: a90b87d1-3ab6-4fa8-bdeb-d87b4068390f__InfoLogger - INFO - [solution] - executed successfully in 0.0000000000 seconds.
2024-09-09 16:02:24,672: a90b87d1-3ab6-4fa8-bdeb-d87b4068390f__InfoLogger - INFO - [solution] - executed successfully in 0.0000000000 seconds.
2024-09-09 16:02:24,672: a90b87d1-3ab6-4fa8-bdeb-d87b4068390f__InfoLogger - INFO - [solution] - executed successfully in 0.0000000000 seconds.
2024-09-09 16:03:04,904: 441d54f1-b64f-444b-9178-2dbfae9c841c__InfoLogger - INFO - [solution] - executed successfully in 0.0000000000 seconds.
2024-09-09 16:03:04,904: 441d54f1-b64f-444b-9178-2dbfae9c841c__InfoLogger - INFO - [solution] - executed successfully in 0.0000000000 seconds.
2024-09-09 16:03:04,904: 441d54f1-b64f-444b-9178-2dbfae9c841c__InfoLogger - INFO - [solution] - executed successfully in 0.0000000000 seconds.
2024-09-09 16:03:04,904: 441d54f1-b64f-444b-9178-2dbfae9c841c__InfoLogger - INFO - [solution] - executed successfully in 0.0000000000 seconds.
2024-09-09 16:03:04,904: 441d54f1-b64f-444b-9178-2dbfae9c841c__InfoLogger - INFO - [solution] - executed successfully in 0.0000000000 seconds.
2024-09-09 16:14:46,387: c3c1537c-2398-445b-b99d-b323797a0b71__InfoLogger - INFO - [solution] - executed successfully in 0.0000000000 seconds.
2024-09-09 16:14:46,387: c3c1537c-2398-445b-b99d-b323797a0b71__InfoLogger - INFO - [solution] - executed successfully in 0.0000000000 seconds.
2024-09-09 16:14:46,387: c3c1537c-2398-445b-b99d-b323797a0b71__InfoLogger - INFO - [solution] - executed successfully in 0.0000000000 seconds.
2024-09-09 16:14:46,387: c3c1537c-2398-445b-b99d-b323797a0b71__InfoLogger - INFO - [solution] - executed successfully in 0.0000000000 seconds.
2024-09-09 16:14:46,388: c3c1537c-2398-445b-b99d-b323797a0b71__InfoLogger - INFO - [solution] - executed successfully in 0.0000000000 seconds.
2024-09-09 16:14:46,388: 6835dfe2-e7ca-4681-8e63-01d38019daa3__ErrorLogger - ERROR - [solution] - 1 validation error for FlipDataInput
length
  Input should be less than or equal to 8 [type=less_than_equal, input_value=9, input_type=int]
    For further information visit https://errors.pydantic.dev/2.9/v/less_than_equal
2024-09-09 16:15:18,368: 9871c3b6-51a6-4f3e-b4e6-3cc990f560e2__InfoLogger - INFO - [solution] - executed successfully in 0.0000000000 seconds.
2024-09-09 16:15:18,369: 9871c3b6-51a6-4f3e-b4e6-3cc990f560e2__InfoLogger - INFO - [solution] - executed successfully in 0.0000000000 seconds.
2024-09-09 16:15:18,369: 9871c3b6-51a6-4f3e-b4e6-3cc990f560e2__InfoLogger - INFO - [solution] - executed successfully in 0.0000000000 seconds.
2024-09-09 16:15:18,369: 9871c3b6-51a6-4f3e-b4e6-3cc990f560e2__InfoLogger - INFO - [solution] - executed successfully in 0.0000000000 seconds.
2024-09-09 16:15:18,369: 9871c3b6-51a6-4f3e-b4e6-3cc990f560e2__InfoLogger - INFO - [solution] - executed successfully in 0.0000000000 seconds.
2024-09-09 16:15:18,369: 1cddbd48-43d2-4516-a901-02cdfaa08dcf__ErrorLogger - ERROR - [solution] - 1 validation error for FlipDataInput
length
  Input should be less than or equal to 8 [type=less_than_equal, input_value=9, input_type=int]
    For further information visit https://errors.pydantic.dev/2.9/v/less_than_equal
2024-09-09 16:42:03,467: 6d4519b2-4f21-4d53-a6db-0c8524bf2f65__InfoLogger - INFO - [solution] - executed successfully in 0.0070004463 seconds.
2024-09-09 16:42:03,469: 6d4519b2-4f21-4d53-a6db-0c8524bf2f65__InfoLogger - INFO - [solution] - executed successfully in 0.0000000000 seconds.
2024-09-09 16:42:03,469: 6d4519b2-4f21-4d53-a6db-0c8524bf2f65__InfoLogger - INFO - [solution] - executed successfully in 0.0000000000 seconds.
2024-09-09 16:42:03,469: 6d4519b2-4f21-4d53-a6db-0c8524bf2f65__InfoLogger - INFO - [solution] - executed successfully in 0.0000000000 seconds.
2024-09-09 16:42:03,469: 6d4519b2-4f21-4d53-a6db-0c8524bf2f65__InfoLogger - INFO - [solution] - executed successfully in 0.0000000000 seconds.
2024-09-09 16:42:03,473: c615229b-8842-4994-9416-bca53e828b95__ErrorLogger - ERROR - [solution] - 1 validation error for FlipDataInput
length
  Input should be less than or equal to 8 [type=less_than_equal, input_value=9, input_type=int]
    For further information visit https://errors.pydantic.dev/2.9/v/less_than_equal
2024-09-09 16:42:34,321: ae5b9ab2-3772-47f0-8773-a25115fcb86a__InfoLogger - INFO - [solution] - executed successfully in 0.0000000000 seconds.
2024-09-09 16:42:34,322: ae5b9ab2-3772-47f0-8773-a25115fcb86a__InfoLogger - INFO - [solution] - executed successfully in 0.0000000000 seconds.
2024-09-09 16:42:34,322: ae5b9ab2-3772-47f0-8773-a25115fcb86a__InfoLogger - INFO - [solution] - executed successfully in 0.0000000000 seconds.
2024-09-09 16:42:34,322: ae5b9ab2-3772-47f0-8773-a25115fcb86a__InfoLogger - INFO - [solution] - executed successfully in 0.0000000000 seconds.
2024-09-09 16:42:34,322: ae5b9ab2-3772-47f0-8773-a25115fcb86a__InfoLogger - INFO - [solution] - executed successfully in 0.0000000000 seconds.
2024-09-09 16:42:56,227: 8882972f-c5c2-414b-9daf-b03865f1d483__InfoLogger - INFO - [solution] - executed successfully in 0.0000000000 seconds.
2024-09-09 16:42:56,228: 8882972f-c5c2-414b-9daf-b03865f1d483__InfoLogger - INFO - [solution] - executed successfully in 0.0000000000 seconds.
2024-09-09 16:42:56,228: 8882972f-c5c2-414b-9daf-b03865f1d483__InfoLogger - INFO - [solution] - executed successfully in 0.0000000000 seconds.
2024-09-09 16:42:56,228: 8882972f-c5c2-414b-9daf-b03865f1d483__InfoLogger - INFO - [solution] - executed successfully in 0.0000000000 seconds.
2024-09-09 16:42:56,228: 8882972f-c5c2-414b-9daf-b03865f1d483__InfoLogger - INFO - [solution] - executed successfully in 0.0000000000 seconds.
2024-09-09 16:43:08,077: f3efdb10-70a0-4d5c-a0b8-aa3b53e99300__InfoLogger - INFO - [solution] - executed successfully in 0.0000000000 seconds.
2024-09-09 16:43:08,077: f3efdb10-70a0-4d5c-a0b8-aa3b53e99300__InfoLogger - INFO - [solution] - executed successfully in 0.0000000000 seconds.
2024-09-09 16:43:08,077: f3efdb10-70a0-4d5c-a0b8-aa3b53e99300__InfoLogger - INFO - [solution] - executed successfully in 0.0000000000 seconds.
2024-09-09 16:43:08,077: f3efdb10-70a0-4d5c-a0b8-aa3b53e99300__InfoLogger - INFO - [solution] - executed successfully in 0.0000000000 seconds.
2024-09-09 16:43:08,077: f3efdb10-70a0-4d5c-a0b8-aa3b53e99300__InfoLogger - INFO - [solution] - executed successfully in 0.0000000000 seconds.
2024-09-09 16:43:26,562: 586583cc-e80e-41ae-9c47-6cc5bfd1c32d__InfoLogger - INFO - [solution] - executed successfully in 0.0009994507 seconds.
2024-09-09 16:43:26,562: 586583cc-e80e-41ae-9c47-6cc5bfd1c32d__InfoLogger - INFO - [solution] - executed successfully in 0.0000000000 seconds.
2024-09-09 16:43:26,562: 586583cc-e80e-41ae-9c47-6cc5bfd1c32d__InfoLogger - INFO - [solution] - executed successfully in 0.0000000000 seconds.
2024-09-09 16:43:26,562: 586583cc-e80e-41ae-9c47-6cc5bfd1c32d__InfoLogger - INFO - [solution] - executed successfully in 0.0000000000 seconds.
2024-09-09 16:43:26,563: 586583cc-e80e-41ae-9c47-6cc5bfd1c32d__InfoLogger - INFO - [solution] - executed successfully in 0.0000000000 seconds.
2024-09-09 16:43:50,195: 2eb308b0-c996-4a58-8d59-4528c3b3fc63__InfoLogger - INFO - [solution] - executed successfully in 0.0000000000 seconds.
2024-09-09 16:43:50,195: 2eb308b0-c996-4a58-8d59-4528c3b3fc63__InfoLogger - INFO - [solution] - executed successfully in 0.0000000000 seconds.
2024-09-09 16:43:50,196: 2eb308b0-c996-4a58-8d59-4528c3b3fc63__InfoLogger - INFO - [solution] - executed successfully in 0.0009984970 seconds.
2024-09-09 16:43:50,196: 2eb308b0-c996-4a58-8d59-4528c3b3fc63__InfoLogger - INFO - [solution] - executed successfully in 0.0000000000 seconds.
2024-09-09 16:43:50,196: 2eb308b0-c996-4a58-8d59-4528c3b3fc63__InfoLogger - INFO - [solution] - executed successfully in 0.0000000000 seconds.
2024-09-09 16:44:07,159: 131002e2-74b7-4272-b790-bbb01bf73610__InfoLogger - INFO - [solution] - executed successfully in 0.0000000000 seconds.
2024-09-09 16:44:07,159: 131002e2-74b7-4272-b790-bbb01bf73610__InfoLogger - INFO - [solution] - executed successfully in 0.0000000000 seconds.
2024-09-09 16:44:07,160: 131002e2-74b7-4272-b790-bbb01bf73610__InfoLogger - INFO - [solution] - executed successfully in 0.0000000000 seconds.
2024-09-09 16:44:07,160: 131002e2-74b7-4272-b790-bbb01bf73610__InfoLogger - INFO - [solution] - executed successfully in 0.0000000000 seconds.
2024-09-09 16:44:07,160: 131002e2-74b7-4272-b790-bbb01bf73610__InfoLogger - INFO - [solution] - executed successfully in 0.0000000000 seconds.
2024-09-09 16:44:29,734: 08aa1396-d273-4a42-9f75-8e65e8e9284e__InfoLogger - INFO - [solution] - executed successfully in 0.0000000000 seconds.
2024-09-09 16:44:29,734: 08aa1396-d273-4a42-9f75-8e65e8e9284e__InfoLogger - INFO - [solution] - executed successfully in 0.0000000000 seconds.
2024-09-09 16:44:29,734: 08aa1396-d273-4a42-9f75-8e65e8e9284e__InfoLogger - INFO - [solution] - executed successfully in 0.0000000000 seconds.
2024-09-09 16:44:29,735: 08aa1396-d273-4a42-9f75-8e65e8e9284e__InfoLogger - INFO - [solution] - executed successfully in 0.0009679794 seconds.
2024-09-09 16:44:29,735: 08aa1396-d273-4a42-9f75-8e65e8e9284e__InfoLogger - INFO - [solution] - executed successfully in 0.0000000000 seconds.
2024-09-09 16:44:36,907: 9e086e00-4941-4903-b064-7dc2a4ef35c1__InfoLogger - INFO - [solution] - executed successfully in 0.0000000000 seconds.
2024-09-09 16:44:36,908: 9e086e00-4941-4903-b064-7dc2a4ef35c1__InfoLogger - INFO - [solution] - executed successfully in 0.0000000000 seconds.
2024-09-09 16:44:36,908: 9e086e00-4941-4903-b064-7dc2a4ef35c1__InfoLogger - INFO - [solution] - executed successfully in 0.0000000000 seconds.
2024-09-09 16:44:36,908: 9e086e00-4941-4903-b064-7dc2a4ef35c1__InfoLogger - INFO - [solution] - executed successfully in 0.0000000000 seconds.
2024-09-09 16:44:36,908: 9e086e00-4941-4903-b064-7dc2a4ef35c1__InfoLogger - INFO - [solution] - executed successfully in 0.0000000000 seconds.
2024-09-09 16:49:42,604: 227fe329-d6e8-4a3e-bdd7-2d65caaecc16__InfoLogger - INFO - [solution] - executed successfully in 0.0000000000 seconds.
2024-09-09 16:49:42,605: 227fe329-d6e8-4a3e-bdd7-2d65caaecc16__InfoLogger - INFO - [solution] - executed successfully in 0.0000000000 seconds.
2024-09-09 16:49:42,605: 227fe329-d6e8-4a3e-bdd7-2d65caaecc16__InfoLogger - INFO - [solution] - executed successfully in 0.0000000000 seconds.
2024-09-09 16:49:42,605: 227fe329-d6e8-4a3e-bdd7-2d65caaecc16__InfoLogger - INFO - [solution] - executed successfully in 0.0000000000 seconds.
2024-09-09 16:49:42,605: 227fe329-d6e8-4a3e-bdd7-2d65caaecc16__InfoLogger - INFO - [solution] - executed successfully in 0.0000000000 seconds.
2024-09-09 16:50:08,010: 806bb206-4b49-4969-a817-97ac2ccd3919__InfoLogger - INFO - [solution] - executed successfully in 0.0000000000 seconds.
2024-09-09 16:50:08,011: 806bb206-4b49-4969-a817-97ac2ccd3919__InfoLogger - INFO - [solution] - executed successfully in 0.0000000000 seconds.
2024-09-09 16:50:08,011: 806bb206-4b49-4969-a817-97ac2ccd3919__InfoLogger - INFO - [solution] - executed successfully in 0.0000000000 seconds.
2024-09-09 16:50:08,011: 806bb206-4b49-4969-a817-97ac2ccd3919__InfoLogger - INFO - [solution] - executed successfully in 0.0000000000 seconds.
2024-09-09 16:50:08,011: 806bb206-4b49-4969-a817-97ac2ccd3919__InfoLogger - INFO - [solution] - executed successfully in 0.0000000000 seconds.
2024-09-09 16:51:00,716: a90794d6-bd58-4153-b685-c5ddd9eadb8c__InfoLogger - INFO - [solution] - executed successfully in 0.0000000000 seconds.
2024-09-09 16:51:07,593: c0b395b6-79fd-480d-84b1-7a25a63a02db__InfoLogger - INFO - [solution] - executed successfully in 0.0000000000 seconds.
2024-09-09 16:51:12,864: 619aa915-06d0-4229-ba54-2dc359cee777__InfoLogger - INFO - [solution] - executed successfully in 0.0000000000 seconds.
2024-09-09 16:51:16,914: 96a5ca49-0d25-4386-a4dc-c3787347815b__ErrorLogger - ERROR - [solution] - 1 validation error for FlipDataInput
length
  Input should be greater than or equal to 2 [type=greater_than_equal, input_value=1, input_type=int]
    For further information visit https://errors.pydantic.dev/2.9/v/greater_than_equal
2024-09-09 16:51:19,932: 127af316-847d-4cc3-8887-a426ec7d4b21__InfoLogger - INFO - [solution] - executed successfully in 0.0000000000 seconds.
2024-09-09 16:51:25,209: f5e8d1e8-da4d-4eb0-be14-98572020bf13__InfoLogger - INFO - [solution] - executed successfully in 0.0009992123 seconds.
2024-09-09 16:51:43,550: 6ede559d-dc84-422c-abbb-8e9dcdac3136__InfoLogger - INFO - [solution] - executed successfully in 0.0000000000 seconds.
2024-09-09 16:52:08,608: c34f47d0-75be-4cdc-9687-75f9385b2925__InfoLogger - INFO - [solution] - executed successfully in 0.0000000000 seconds.
2024-09-09 16:52:48,823: bfb438bd-6b10-4bb6-b078-a1d52f856fd6__InfoLogger - INFO - [solution] - executed successfully in 0.0000000000 seconds.
2024-09-09 16:52:52,684: 95c0e1cb-2452-4875-b856-3c31d12eee6c__InfoLogger - INFO - [solution] - executed successfully in 0.0009999275 seconds.
2024-09-09 16:52:59,643: ab12af40-a8ec-4846-9410-915f585afb80__InfoLogger - INFO - [solution] - executed successfully in 0.0000000000 seconds.
2024-09-09 16:53:27,800: aabc0a69-c6ec-46f2-aa7b-ff3d45df2293__InfoLogger - INFO - [solution] - executed successfully in 0.0000000000 seconds.
2024-09-09 16:53:41,563: 0da73ece-7945-45b9-b68e-1b01c63605e3__InfoLogger - INFO - [solution] - executed successfully in 0.0000000000 seconds.
2024-09-09 16:55:06,443: 6eb1f986-3e5a-490a-8674-98bb7a58b10f__InfoLogger - INFO - [solution] - executed successfully in 0.0000000000 seconds.
2024-09-09 16:55:24,826: 07aad7d7-a557-4c91-b1c1-6aeed2aa6e57__InfoLogger - INFO - [solution] - executed successfully in 0.0000000000 seconds.
2024-09-09 16:55:32,483: 24fe233a-0cd6-4e6e-9201-e6ccb6c57588__InfoLogger - INFO - [solution] - executed successfully in 0.0000000000 seconds.
2024-09-09 16:55:39,851: 1a54751b-9415-4cc0-aecd-6cea9206eba8__InfoLogger - INFO - [solution] - executed successfully in 0.0000000000 seconds.
2024-09-09 16:57:05,314: 0c239a80-d536-4038-b998-e32a4242218e__InfoLogger - INFO - [solution] - executed successfully in 0.0009949207 seconds.
2024-09-09 16:57:39,389: c260765e-a720-4c63-8e37-3b0acd57a3be__InfoLogger - INFO - [solution] - executed successfully in 0.0009999275 seconds.
2024-09-09 16:57:53,727: 04c19a34-eca2-4c70-8fbd-b071ad68765d__InfoLogger - INFO - [solution] - executed successfully in 0.0000000000 seconds.
2024-09-09 16:58:13,363: 41757335-ad74-45df-8539-44c23780d520__InfoLogger - INFO - [solution] - executed successfully in 0.0000000000 seconds.
2024-09-09 16:58:28,325: e33ab09b-3d20-4784-84ee-ba29d471306b__InfoLogger - INFO - [solution] - executed successfully in 0.0010011196 seconds.
2024-09-09 16:59:07,275: f9058001-0441-4920-a997-4fa05f521234__InfoLogger - INFO - [solution] - executed successfully in 0.0010011196 seconds.
2024-09-09 17:00:00,779: c3c1e6ce-50e0-409d-b92f-51c29ba0c8fa__InfoLogger - INFO - [solution] - executed successfully in 0.0000000000 seconds.
2024-09-09 17:00:47,292: e5481756-ee45-4783-b67f-847c6bf9d9b2__InfoLogger - INFO - [solution] - executed successfully in 0.0000000000 seconds.
2024-09-09 17:01:05,196: dc12a9b5-01dd-4bc5-9e50-b9ddcfe24441__InfoLogger - INFO - [solution] - executed successfully in 0.0000000000 seconds.
2024-09-09 17:02:06,153: 6b0f4534-719c-4b5a-ade6-329e259f763c__InfoLogger - INFO - [solution] - executed successfully in 0.0000000000 seconds.
2024-09-09 17:02:56,828: 10d7f28f-5b4f-46f8-8f96-76a2c21e05d8__InfoLogger - INFO - [solution] - executed successfully in 0.0000000000 seconds.
2024-09-09 17:04:56,606: c5fbdd38-7b49-4566-b978-3fdb3b9787c4__InfoLogger - INFO - [solution] - executed successfully in 0.0000000000 seconds.
2024-09-09 17:05:12,780: e018b460-52b6-4b88-a6bd-2c7e53b024c3__InfoLogger - INFO - [solution] - executed successfully in 0.0000000000 seconds.
2024-09-09 17:05:37,129: a3e5d410-4c4e-4917-bdf1-d7e471795724__InfoLogger - INFO - [solution] - executed successfully in 0.0000000000 seconds.
2024-09-09 17:06:09,369: d0eeeff1-f70e-4786-b3e2-65ec6fc33ef4__InfoLogger - INFO - [solution] - executed successfully in 0.0009999275 seconds.
2024-09-09 17:06:23,019: 97a2b989-c8db-4a4d-b795-e6dc841ffd2d__InfoLogger - INFO - [solution] - executed successfully in 0.0010004044 seconds.
2024-09-09 17:07:06,487: 0fbcef0c-5c3f-460d-8cbb-6236e5c023f3__InfoLogger - INFO - [solution] - executed successfully in 0.0010042191 seconds.
2024-09-09 17:07:53,515: 0c2392a4-6ec6-4f2d-8410-4c68c0b3bf16__InfoLogger - INFO - [solution] - executed successfully in 0.0000000000 seconds.
2024-09-09 17:09:06,108: 9c9a26df-4db7-4ca0-8804-f696c516bde5__InfoLogger - INFO - [solution] - executed successfully in 0.0009996891 seconds.
2024-09-09 17:10:12,934: d56c4ebd-90c3-4457-b3ed-f435268df518__InfoLogger - INFO - [solution] - executed successfully in 0.0000000000 seconds.
2024-09-09 17:11:24,491: 37e00f9a-c33b-4417-bd24-ea54eb4f4264__InfoLogger - INFO - [solution] - executed successfully in 0.0009994507 seconds.
2024-09-09 17:13:24,126: 2ad23075-c625-44ac-9986-7a2681d8ec49__InfoLogger - INFO - [solution] - executed successfully in 0.0010013580 seconds.
2024-09-09 17:13:51,472: 8f6737bf-21e0-45ac-ae27-5a9b1600deca__InfoLogger - INFO - [solution] - executed successfully in 0.0000000000 seconds.
2024-09-09 17:14:04,515: 4ec8326d-377a-46c7-9dbe-294100adba14__InfoLogger - INFO - [solution] - executed successfully in 0.0000000000 seconds.
2024-09-09 17:14:33,867: 3ba20a0c-a1c7-472c-9d68-b6df4b112f28__InfoLogger - INFO - [solution] - executed successfully in 0.0009996891 seconds.
2024-09-09 17:15:01,391: 7a471547-016b-4601-a8f0-ac3cf7ea184f__InfoLogger - INFO - [solution] - executed successfully in 0.0000000000 seconds.
2024-09-09 17:16:00,879: 2278f8e0-fd71-4270-ba09-cf2b6bf18061__InfoLogger - INFO - [solution] - executed successfully in 0.0009996891 seconds.
2024-09-09 17:16:16,164: aab7229e-5cae-4f33-9ac7-c7d32dfbd92b__InfoLogger - INFO - [solution] - executed successfully in 0.0000000000 seconds.
2024-09-09 17:16:30,331: 2773809f-d44f-48e7-8d07-015009f2fa4d__InfoLogger - INFO - [solution] - executed successfully in 0.0000000000 seconds.
2024-09-09 17:16:30,332: 2773809f-d44f-48e7-8d07-015009f2fa4d__InfoLogger - INFO - [solution] - executed successfully in 0.0000000000 seconds.
2024-09-09 17:16:30,332: 2773809f-d44f-48e7-8d07-015009f2fa4d__InfoLogger - INFO - [solution] - executed successfully in 0.0000000000 seconds.
2024-09-09 17:16:30,332: 2773809f-d44f-48e7-8d07-015009f2fa4d__InfoLogger - INFO - [solution] - executed successfully in 0.0000000000 seconds.
2024-09-09 17:16:30,332: 2773809f-d44f-48e7-8d07-015009f2fa4d__InfoLogger - INFO - [solution] - executed successfully in 0.0000000000 seconds.
2024-09-09 17:16:30,333: 2773809f-d44f-48e7-8d07-015009f2fa4d__InfoLogger - INFO - [solution] - executed successfully in 0.0009992123 seconds.
2024-09-09 17:16:40,379: c0b2d393-17f6-49c4-88d6-1121341dcc65__InfoLogger - INFO - [solution] - executed successfully in 0.0010001659 seconds.
2024-09-09 17:16:40,379: c0b2d393-17f6-49c4-88d6-1121341dcc65__InfoLogger - INFO - [solution] - executed successfully in 0.0000000000 seconds.
2024-09-09 17:16:40,379: c0b2d393-17f6-49c4-88d6-1121341dcc65__InfoLogger - INFO - [solution] - executed successfully in 0.0000000000 seconds.
2024-09-09 17:16:40,379: c0b2d393-17f6-49c4-88d6-1121341dcc65__InfoLogger - INFO - [solution] - executed successfully in 0.0000000000 seconds.
2024-09-09 17:16:40,379: c0b2d393-17f6-49c4-88d6-1121341dcc65__InfoLogger - INFO - [solution] - executed successfully in 0.0000000000 seconds.
2024-09-09 17:16:40,379: c0b2d393-17f6-49c4-88d6-1121341dcc65__InfoLogger - INFO - [solution] - executed successfully in 0.0000000000 seconds.
2024-09-09 17:16:45,346: e29dce61-aa3e-4b1a-8bae-cb294c2271b6__InfoLogger - INFO - [solution] - executed successfully in 0.0010004044 seconds.
2024-09-09 17:16:45,346: e29dce61-aa3e-4b1a-8bae-cb294c2271b6__InfoLogger - INFO - [solution] - executed successfully in 0.0000000000 seconds.
2024-09-09 17:16:45,346: e29dce61-aa3e-4b1a-8bae-cb294c2271b6__InfoLogger - INFO - [solution] - executed successfully in 0.0000000000 seconds.
2024-09-09 17:16:45,346: e29dce61-aa3e-4b1a-8bae-cb294c2271b6__InfoLogger - INFO - [solution] - executed successfully in 0.0000000000 seconds.
2024-09-09 17:16:45,346: e29dce61-aa3e-4b1a-8bae-cb294c2271b6__InfoLogger - INFO - [solution] - executed successfully in 0.0000000000 seconds.
2024-09-09 17:16:45,346: e29dce61-aa3e-4b1a-8bae-cb294c2271b6__InfoLogger - INFO - [solution] - executed successfully in 0.0000000000 seconds.
2024-09-09 17:17:20,643: a75941eb-e3e0-42ad-ac10-ecab464a7f74__InfoLogger - INFO - [solution] - executed successfully in 0.0000000000 seconds.
2024-09-09 17:17:20,643: a75941eb-e3e0-42ad-ac10-ecab464a7f74__InfoLogger - INFO - [solution] - executed successfully in 0.0000000000 seconds.
2024-09-09 17:17:20,643: a75941eb-e3e0-42ad-ac10-ecab464a7f74__InfoLogger - INFO - [solution] - executed successfully in 0.0000000000 seconds.
2024-09-09 17:17:20,643: a75941eb-e3e0-42ad-ac10-ecab464a7f74__InfoLogger - INFO - [solution] - executed successfully in 0.0000000000 seconds.
2024-09-09 17:17:20,643: a75941eb-e3e0-42ad-ac10-ecab464a7f74__InfoLogger - INFO - [solution] - executed successfully in 0.0000000000 seconds.
2024-09-09 17:17:20,643: a75941eb-e3e0-42ad-ac10-ecab464a7f74__InfoLogger - INFO - [solution] - executed successfully in 0.0000000000 seconds.
2024-09-09 17:17:32,226: e44ce26a-e5b9-471a-b264-a26a161e7753__InfoLogger - INFO - [solution] - executed successfully in 0.0000000000 seconds.
2024-09-09 17:17:32,226: e44ce26a-e5b9-471a-b264-a26a161e7753__InfoLogger - INFO - [solution] - executed successfully in 0.0000000000 seconds.
2024-09-09 17:17:32,226: e44ce26a-e5b9-471a-b264-a26a161e7753__InfoLogger - INFO - [solution] - executed successfully in 0.0000000000 seconds.
2024-09-09 17:17:32,226: e44ce26a-e5b9-471a-b264-a26a161e7753__InfoLogger - INFO - [solution] - executed successfully in 0.0000000000 seconds.
2024-09-09 17:17:32,226: e44ce26a-e5b9-471a-b264-a26a161e7753__InfoLogger - INFO - [solution] - executed successfully in 0.0000000000 seconds.
2024-09-09 17:17:32,227: e44ce26a-e5b9-471a-b264-a26a161e7753__InfoLogger - INFO - [solution] - executed successfully in 0.0000000000 seconds.
2024-09-09 17:17:42,805: 6661a3ec-63e3-4cd7-baef-cd708b0f20d2__InfoLogger - INFO - [solution] - executed successfully in 0.0000000000 seconds.
2024-09-09 17:17:42,806: 6661a3ec-63e3-4cd7-baef-cd708b0f20d2__InfoLogger - INFO - [solution] - executed successfully in 0.0010020733 seconds.
2024-09-09 17:17:42,806: 6661a3ec-63e3-4cd7-baef-cd708b0f20d2__InfoLogger - INFO - [solution] - executed successfully in 0.0000000000 seconds.
2024-09-09 17:17:42,806: 6661a3ec-63e3-4cd7-baef-cd708b0f20d2__InfoLogger - INFO - [solution] - executed successfully in 0.0000000000 seconds.
2024-09-09 17:17:42,806: 6661a3ec-63e3-4cd7-baef-cd708b0f20d2__InfoLogger - INFO - [solution] - executed successfully in 0.0000000000 seconds.
2024-09-09 17:17:42,806: 6661a3ec-63e3-4cd7-baef-cd708b0f20d2__InfoLogger - INFO - [solution] - executed successfully in 0.0000000000 seconds.
2024-09-09 17:17:42,806: 56729af1-ef2c-43a0-8c0a-31dd77b25e77__ErrorLogger - ERROR - [solution] - 1 validation error for FlipDataInput
length
  Input should be less than or equal to 8 [type=less_than_equal, input_value=9, input_type=int]
    For further information visit https://errors.pydantic.dev/2.9/v/less_than_equal
