2024-09-09 14:05:39,558: c8df31fa-5ca3-4ef6-a9bc-d270b0efcd25__InfoLogger - INFO - [solution] - executed successfully in 0.0000000000 seconds.
2024-09-09 14:05:40,954: 5ae063a1-0c55-42c5-9f91-3ed99cd37f3e__InfoLogger - INFO - [solution] - executed successfully in 0.0000000000 seconds.
2024-09-09 14:05:42,891: 81d2dc5f-3de1-4038-a57b-79da8aa83bc8__InfoLogger - INFO - [solution] - executed successfully in 0.0010004044 seconds.
2024-09-09 14:07:08,856: a3aeb9ba-12d3-4d7d-95b0-b728c28571f0__InfoLogger - INFO - [solution] - executed successfully in 0.0000000000 seconds.
2024-09-09 14:07:13,551: 8ec8902d-0319-4d96-8b5c-9425ddd12bb5__ErrorLogger - ERROR - [solution] - 1 validation error for MassDistanceBase
mass_2
  Input should be greater than 0 [type=greater_than, input_value=0, input_type=int]
    For further information visit https://errors.pydantic.dev/2.9/v/greater_than
2024-09-09 14:07:23,676: fbcee971-35ba-416f-ac41-ef9a8d6749b0__InfoLogger - INFO - [solution] - executed successfully in 0.0009999275 seconds.
2024-09-09 14:07:34,275: c9d5a8bf-565f-409d-ab16-dea4e2e5e061__InfoLogger - INFO - [solution] - executed successfully in 0.0000000000 seconds.
2024-09-09 14:21:35,707: eb52eec1-1230-403d-ac2a-348e07daad02__InfoLogger - INFO - [solution] - executed successfully in 0.0010049343 seconds.
2024-09-09 14:21:46,649: bd2efd9a-f594-4d61-9bf7-e0ef4de3a074__ErrorLogger - ERROR - [solution] - 1 validation error for MassDistanceUnitsBase
unit_m2
  String should match pattern '^(kg|g|µg|mg|lb)$' [type=string_pattern_mismatch, input_value='lg', input_type=str]
    For further information visit https://errors.pydantic.dev/2.9/v/string_pattern_mismatch
2024-09-09 14:21:58,498: a9f159e0-f6d0-4c5c-ad94-d87b3fd0a928__ErrorLogger - ERROR - [solution] - 1 validation error for MassDistanceUnitsBase
unit_m2
  String should match pattern '^(kg|g|µg|mg|lb)$' [type=string_pattern_mismatch, input_value='lg', input_type=str]
    For further information visit https://errors.pydantic.dev/2.9/v/string_pattern_mismatch
2024-09-09 14:22:09,987: f6f8535c-2534-42a4-920f-e03ba8446622__ErrorLogger - ERROR - [solution] - 1 validation error for MassDistanceUnitsBase
unit_m2
  String should match pattern '^(kg|g|µg|mg|lb)$' [type=string_pattern_mismatch, input_value='lg', input_type=str]
    For further information visit https://errors.pydantic.dev/2.9/v/string_pattern_mismatch
2024-09-09 14:22:13,619: 3d5051fa-4a85-48c4-a5b8-ef4010a3ef2d__InfoLogger - INFO - [solution] - executed successfully in 0.0010006428 seconds.
2024-09-09 14:23:24,055: efa288fb-03ef-40ed-b014-8fdfa9b960e1__ErrorLogger - ERROR - [solution] - 1 validation error for MassDistanceUnitsBase
unit_m2
  String should match pattern '^(kg|g|µg|mg|lb)$' [type=string_pattern_mismatch, input_value='gg', input_type=str]
    For further information visit https://errors.pydantic.dev/2.9/v/string_pattern_mismatch
2024-09-09 14:23:31,249: 79d65368-b32c-40e6-836e-466e80077de6__InfoLogger - INFO - [solution] - executed successfully in 0.0000000000 seconds.
2024-09-09 14:24:18,338: 26119569-f70b-41a1-a2f3-eefa5d4b11d3__InfoLogger - INFO - [solution] - executed successfully in 0.0000000000 seconds.
2024-09-09 16:13:03,650: ee52918c-a178-4152-a381-1ca33ec000f9__InfoLogger - INFO - [solution] - executed successfully in 0.0000000000 seconds.
2024-09-09 16:13:03,650: ee52918c-a178-4152-a381-1ca33ec000f9__InfoLogger - INFO - [solution] - executed successfully in 0.0000000000 seconds.
2024-09-09 16:13:03,651: ee52918c-a178-4152-a381-1ca33ec000f9__InfoLogger - INFO - [solution] - executed successfully in 0.0000000000 seconds.
2024-09-09 16:13:15,196: 0e99bb37-9b43-40b2-b011-e767ade7ccca__InfoLogger - INFO - [solution] - executed successfully in 0.0000000000 seconds.
2024-09-09 16:13:15,197: 0e99bb37-9b43-40b2-b011-e767ade7ccca__InfoLogger - INFO - [solution] - executed successfully in 0.0000000000 seconds.
2024-09-09 16:13:15,197: 0e99bb37-9b43-40b2-b011-e767ade7ccca__InfoLogger - INFO - [solution] - executed successfully in 0.0000000000 seconds.
2024-09-09 16:13:23,461: 28a6388e-a411-4e56-8c55-dcc2ca2ffbbd__InfoLogger - INFO - [solution] - executed successfully in 0.0009939671 seconds.
2024-09-09 16:13:23,461: 28a6388e-a411-4e56-8c55-dcc2ca2ffbbd__InfoLogger - INFO - [solution] - executed successfully in 0.0000000000 seconds.
2024-09-09 16:13:23,461: 28a6388e-a411-4e56-8c55-dcc2ca2ffbbd__InfoLogger - INFO - [solution] - executed successfully in 0.0000000000 seconds.
2024-09-09 16:13:28,615: c81feef8-2d9d-4511-a66a-3d4e8de4b68b__InfoLogger - INFO - [solution] - executed successfully in 0.0000000000 seconds.
2024-09-09 16:13:28,616: c81feef8-2d9d-4511-a66a-3d4e8de4b68b__InfoLogger - INFO - [solution] - executed successfully in 0.0010020733 seconds.
2024-09-09 16:13:28,616: c81feef8-2d9d-4511-a66a-3d4e8de4b68b__InfoLogger - INFO - [solution] - executed successfully in 0.0000000000 seconds.
